<?xml version="1.0" encoding="UTF-8"?>
<!-- Generated by org.testng.reporters.JUnitReportReporter -->
<testsuite skipped="0" hostname="LAPTOP-OF8QKMNN" name="restAssured.PractiseFirstTest" tests="1" failures="0" timestamp="2020-01-21T22:09:49 IST" time="0.015" errors="0">
  <testcase name="googlePlaceSearch" time="0.015" classname="restAssured.PractiseFirstTest"/>
</testsuite> <!-- restAssured.PractiseFirstTest -->
