<?xml version="1.0" encoding="UTF-8"?>
<!-- Generated by org.testng.reporters.JUnitReportReporter -->
<testsuite skipped="0" hostname="LAPTOP-OF8QKMNN" name="restAssured.PractiseSecondTest" tests="1" failures="0" timestamp="2020-01-21T22:20:21 IST" time="2.570" errors="0">
  <testcase name="dummyExam" time="2.570" classname="restAssured.PractiseSecondTest"/>
</testsuite> <!-- restAssured.PractiseSecondTest -->
